\BOOKMARK [0][-]{dummy.6}{\376\377\000A\000b\000s\000t\000r\000a\000c\000t}{}% 1
\BOOKMARK [0][-]{dummy.7}{\376\377\000A\000c\000k\000n\000o\000w\000l\000e\000d\000g\000e\000m\000e\000n\000t\000s}{}% 2
\BOOKMARK [0][-]{chapter*.8}{\376\377\000C\000o\000n\000t\000e\000n\000t\000s}{}% 3
\BOOKMARK [0][-]{chapter*.9}{\376\377\000L\000i\000s\000t\000\040\000o\000f\000\040\000F\000i\000g\000u\000r\000e\000s}{}% 4
\BOOKMARK [0][-]{chapter.10}{\376\377\0001\000\040\000I\000n\000t\000r\000o\000d\000u\000c\000t\000i\000o\000n}{}% 5
\BOOKMARK [1][-]{section.11}{\376\377\0001\000.\0001\000\040\000R\000e\000l\000a\000t\000e\000d\000\040\000W\000o\000r\000k}{chapter.10}% 6
\BOOKMARK [1][-]{section.12}{\376\377\0001\000.\0002\000\040\000O\000u\000t\000l\000i\000n\000e}{chapter.10}% 7
\BOOKMARK [0][-]{chapter.14}{\376\377\0002\000\040\000A\000\040\000B\000r\000i\000e\000f\000\040\000R\000e\000v\000i\000e\000w\000\040\000o\000f\000\040\000S\000c\000a\000t\000t\000e\000r\000i\000n\000g\000\040\000F\000u\000n\000c\000t\000i\000o\000n\000s}{}% 8
\BOOKMARK [1][-]{section.15}{\376\377\0002\000.\0001\000\040\000L\000i\000g\000h\000t\000-\000M\000a\000t\000e\000r\000i\000a\000l\000\040\000I\000n\000t\000e\000r\000a\000c\000t\000i\000o\000n}{chapter.14}% 9
\BOOKMARK [1][-]{section.16}{\376\377\0002\000.\0002\000\040\000G\000e\000n\000e\000r\000a\000l\000\040\000S\000c\000a\000t\000t\000e\000r\000i\000n\000g\000\040\000F\000u\000n\000c\000t\000i\000o\000n}{chapter.14}% 10
\BOOKMARK [1][-]{section.18}{\376\377\0002\000.\0003\000\040\000B\000i\000d\000i\000r\000e\000c\000t\000i\000o\000n\000a\000l\000\040\000S\000c\000a\000t\000t\000e\000r\000i\000n\000g\000-\000S\000u\000r\000f\000a\000c\000e\000\040\000R\000e\000f\000l\000e\000c\000t\000a\000n\000c\000e\000\040\000D\000i\000s\000t\000r\000i\000b\000u\000t\000i\000o\000n\000\040\000F\000u\000n\000c\000t\000i\000o\000n}{chapter.14}% 11
\BOOKMARK [1][-]{section.19}{\376\377\0002\000.\0004\000\040\000B\000i\000d\000i\000r\000e\000c\000t\000i\000o\000n\000a\000l\000\040\000T\000e\000x\000t\000u\000r\000e\000\040\000F\000u\000n\000c\000t\000i\000o\000n}{chapter.14}% 12
\BOOKMARK [1][-]{section.20}{\376\377\0002\000.\0005\000\040\000B\000i\000d\000i\000r\000e\000c\000t\000i\000o\000n\000a\000l\000\040\000S\000u\000b\000s\000u\000r\000f\000a\000c\000e\000\040\000S\000c\000a\000t\000t\000e\000r\000i\000n\000g\000\040\000D\000i\000s\000t\000r\000i\000b\000u\000t\000i\000o\000n\000\040\000F\000u\000n\000c\000t\000i\000o\000n}{chapter.14}% 13
\BOOKMARK [1][-]{section.21}{\376\377\0002\000.\0006\000\040\000B\000i\000d\000i\000r\000e\000c\000t\000i\000o\000n\000a\000l\000\040\000R\000e\000f\000l\000e\000c\000t\000a\000n\000c\000e\000\040\000D\000i\000s\000t\000r\000i\000b\000u\000t\000i\000o\000n\000\040\000F\000u\000n\000c\000t\000i\000o\000n}{chapter.14}% 14
\BOOKMARK [1][-]{section.22}{\376\377\0002\000.\0007\000\040\000S\000p\000a\000t\000i\000a\000l\000l\000y\000\040\000V\000a\000r\000y\000i\000n\000g\000\040\000B\000i\000d\000i\000r\000e\000c\000t\000i\000o\000n\000a\000l\000\040\000R\000e\000f\000l\000e\000c\000t\000a\000n\000c\000e\000\040\000D\000i\000s\000t\000r\000i\000b\000u\000t\000i\000o\000n\000\040\000F\000u\000n\000c\000t\000i\000o\000n}{chapter.14}% 15
\BOOKMARK [1][-]{section.23}{\376\377\0002\000.\0008\000\040\000S\000u\000r\000f\000a\000c\000e\000\040\000L\000i\000g\000h\000t\000\040\000F\000i\000e\000l\000d\000\040\000a\000n\000d\000\040\000S\000u\000r\000f\000a\000c\000e\000\040\000R\000e\000f\000l\000e\000c\000t\000a\000n\000c\000e\000\040\000F\000i\000e\000l\000d}{chapter.14}% 16
\BOOKMARK [1][-]{section.24}{\376\377\0002\000.\0009\000\040\000S\000u\000m\000m\000a\000r\000y\000\040\000o\000f\000\040\000S\000c\000a\000t\000t\000e\000r\000i\000n\000g\000\040\000F\000u\000n\000c\000t\000i\000o\000n\000s}{chapter.14}% 17
\BOOKMARK [0][-]{chapter.25}{\376\377\0003\000\040\000B\000i\000d\000i\000r\000e\000c\000t\000i\000o\000n\000a\000l\000\040\000T\000e\000x\000t\000u\000r\000e\000\040\000F\000u\000n\000c\000t\000i\000o\000n\000s}{}% 18
\BOOKMARK [1][-]{section.26}{\376\377\0003\000.\0001\000\040\000A\000c\000q\000u\000i\000s\000i\000t\000i\000o\000n}{chapter.25}% 19
\BOOKMARK [2][-]{subsection.27}{\376\377\0003\000.\0001\000.\0001\000\040\000G\000e\000n\000e\000r\000a\000l\000\040\000A\000c\000q\000u\000i\000s\000i\000t\000i\000o\000n\000\040\000M\000e\000t\000h\000o\000d\000s}{section.26}% 20
\BOOKMARK [2][-]{subsection.29}{\376\377\0003\000.\0001\000.\0002\000\040\000P\000o\000s\000t\000-\000p\000r\000o\000c\000e\000s\000s\000i\000n\000g}{section.26}% 21
\BOOKMARK [2][-]{subsection.30}{\376\377\0003\000.\0001\000.\0003\000\040\000P\000u\000b\000l\000i\000c\000l\000y\000\040\000A\000v\000a\000i\000l\000a\000b\000l\000e\000\040\000B\000T\000F\000\040\000D\000a\000t\000a\000s\000e\000t\000s}{section.26}% 22
\BOOKMARK [1][-]{section.32}{\376\377\0003\000.\0002\000\040\000D\000a\000t\000a\000\040\000R\000e\000p\000r\000e\000s\000e\000n\000t\000a\000t\000i\000o\000n\000s}{chapter.25}% 23
\BOOKMARK [2][-]{subsection.33}{\376\377\0003\000.\0002\000.\0001\000\040\000T\000e\000x\000t\000u\000r\000e\000\040\000R\000e\000p\000r\000e\000s\000e\000n\000t\000a\000t\000i\000o\000n}{section.32}% 24
\BOOKMARK [2][-]{subsection.34}{\376\377\0003\000.\0002\000.\0002\000\040\000A\000B\000R\000D\000F\000\040\000R\000e\000p\000r\000e\000s\000e\000n\000t\000a\000t\000i\000o\000n}{section.32}% 25
\BOOKMARK [1][-]{section.35}{\376\377\0003\000.\0003\000\040\000B\000T\000F\000\040\000C\000o\000m\000p\000r\000e\000s\000s\000i\000o\000n\000\040\000M\000e\000t\000h\000o\000d\000s}{chapter.25}% 26
\BOOKMARK [2][-]{subsection.36}{\376\377\0003\000.\0003\000.\0001\000\040\000A\000n\000a\000l\000y\000t\000i\000c\000\040\000m\000e\000t\000h\000o\000d\000s}{section.35}% 27
\BOOKMARK [2][-]{subsection.37}{\376\377\0003\000.\0003\000.\0002\000\040\000S\000t\000a\000t\000i\000s\000t\000i\000c\000a\000l\000\040\000m\000e\000t\000h\000o\000d\000s}{section.35}% 28
\BOOKMARK [2][-]{subsection.38}{\376\377\0003\000.\0003\000.\0003\000\040\000P\000r\000o\000b\000a\000b\000i\000l\000i\000s\000t\000i\000c\000\040\000m\000o\000d\000e\000l\000s}{section.35}% 29
\BOOKMARK [0][-]{chapter.39}{\376\377\0004\000\040\000P\000C\000A}{}% 30
\BOOKMARK [1][-]{section.40}{\376\377\0004\000.\0001\000\040\000D\000e\000r\000i\000v\000a\000t\000i\000o\000n\000\040\000o\000f\000\040\000P\000C\000A}{chapter.39}% 31
\BOOKMARK [1][-]{section.41}{\376\377\0004\000.\0002\000\040\000S\000V\000D\000\040\000a\000s\000\040\000P\000C\000A}{chapter.39}% 32
\BOOKMARK [1][-]{section.42}{\376\377\0004\000.\0003\000\040\000A\000l\000g\000o\000r\000i\000t\000h\000m}{chapter.39}% 33
\BOOKMARK [2][-]{subsection.43}{\376\377\0004\000.\0003\000.\0001\000\040\000C\000o\000m\000p\000r\000e\000s\000s\000i\000o\000n}{section.42}% 34
\BOOKMARK [2][-]{subsection.44}{\376\377\0004\000.\0003\000.\0002\000\040\000D\000e\000c\000o\000m\000p\000r\000e\000s\000s\000i\000o\000n}{section.42}% 35
\BOOKMARK [1][-]{section.45}{\376\377\0004\000.\0004\000\040\000A\000n\000g\000u\000l\000a\000r\000\040\000I\000n\000t\000e\000r\000p\000o\000l\000a\000t\000i\000o\000n}{chapter.39}% 36
\BOOKMARK [2][-]{subsection.46}{\376\377\0004\000.\0004\000.\0001\000\040\000F\000i\000n\000d\000i\000n\000g\000\040\000C\000l\000o\000s\000e\000s\000t\000\040\000D\000i\000r\000e\000c\000t\000i\000o\000n\000s}{section.45}% 37
\BOOKMARK [2][-]{subsection.48}{\376\377\0004\000.\0004\000.\0002\000\040\000B\000a\000r\000y\000c\000e\000n\000t\000r\000i\000c\000\040\000C\000o\000o\000r\000d\000i\000n\000a\000t\000e\000s}{section.45}% 38
\BOOKMARK [2][-]{subsection.49}{\376\377\0004\000.\0004\000.\0003\000\040\000A\000l\000g\000o\000r\000i\000t\000h\000m}{section.45}% 39
\BOOKMARK [0][-]{chapter.50}{\376\377\0005\000\040\000S\000t\000r\000e\000a\000m\000i\000n\000g}{}% 40
\BOOKMARK [1][-]{subsection.51}{\376\377\0005\000.\0000\000.\0004\000\040\000W\000e\000b\000S\000o\000c\000k\000e\000t\000s}{chapter.50}% 41
\BOOKMARK [2][-]{subsection.52}{\376\377\0005\000.\0000\000.\0005\000\040\000T\000r\000a\000n\000s\000m\000i\000s\000s\000i\000o\000n}{subsection.51}% 42
\BOOKMARK [0][-]{chapter.54}{\376\377\0006\000\040\000I\000m\000p\000l\000e\000m\000e\000n\000t\000a\000t\000i\000o\000n}{}% 43
\BOOKMARK [1][-]{section.55}{\376\377\0006\000.\0001\000\040\000C\000o\000m\000p\000r\000e\000s\000s\000i\000o\000n}{chapter.54}% 44
\BOOKMARK [1][-]{section.56}{\376\377\0006\000.\0002\000\040\000R\000e\000n\000d\000e\000r\000i\000n\000g}{chapter.54}% 45
\BOOKMARK [1][-]{section.58}{\376\377\0006\000.\0003\000\040\000S\000t\000r\000e\000a\000m\000i\000n\000g}{chapter.54}% 46
\BOOKMARK [0][-]{chapter.60}{\376\377\0007\000\040\000E\000v\000a\000l\000u\000a\000t\000i\000o\000n}{}% 47
\BOOKMARK [0][-]{chapter.61}{\376\377\0008\000\040\000C\000o\000n\000c\000l\000u\000s\000i\000o\000n\000s\000\040\000a\000n\000d\000\040\000F\000u\000t\000u\000r\000e\000\040\000W\000o\000r\000k}{}% 48
\BOOKMARK [1][-]{section.62}{\376\377\0008\000.\0001\000\040\000S\000u\000m\000m\000a\000r\000y}{chapter.61}% 49
\BOOKMARK [1][-]{section.63}{\376\377\0008\000.\0002\000\040\000F\000u\000t\000u\000r\000e\000\040\000w\000o\000r\000k}{chapter.61}% 50
\BOOKMARK [0][-]{chapter*.64}{\376\377\000B\000i\000b\000l\000i\000o\000g\000r\000a\000p\000h\000y}{}% 51
